<?xml version="1.0" encoding="UTF-8"?>
<!-- Generated by org.testng.reporters.JUnitReportReporter -->
<testsuite hostname="CHN1-LHP-N62805" failures="0" tests="1" name="demo.Login_Test" time="1.823" errors="0" timestamp="2022-04-13T15:34:14 IST" skipped="0">
  <testcase classname="demo.Login_Test" name="testLogin" time="1.823"/>
  <system-out/>
</testsuite> <!-- demo.Login_Test -->
